    Finished `dev` profile [unoptimized + debuginfo] target(s) in 0.00s
     Running `target/debug/day3 input.txt`
input.txt contains:
7351233232223322522345345322222228225558344335123455325352426422353243225281562241322434848323342852
5433445525443544954444443576444458442455326353465134665547447342574645424544275242443465156444215643
2344323254238324344443324333412234342243363246314375326354514244431354834344246137562233387223242853
4331233243234124332321224232222322334244422332133222221322231323335323534433623642333331512232233432
1233323223333253234423353115222332342333122432232133232122232142334334332513246153353423132223343321
5475443754463456443553623757544552542473236644533515443525753533335455813422441375454516465356431656
3276322333332353334423643343456353344346332432253323323762333323733333633333636333353413233334554424
2312222312481252235552224312342146252529326662211733375132422225462424664226716222242225435316534726
5647566942478436876464969445631974775545947778858663954749446977584553756576839855679547564255237657
4244444412141433344433323424434413423444244432524143445324343444345334443254333342231332441216232453
5443446554346664654544444455354344534734466444644324435465424465432332532354454235344543435342453644
6544455236356461335366354531255254443355242635645521555255146456113545536723155522252234543584534422
2322222221124122252222222212222222223122222222123312222211223222222111222122222322532212122213222242
2232111242252322522242224451439133426512215326244222221652425326222412463476122354223372154222136212
4142224826172737614322257272692678732262146755524451413837432232457622532576238453234431772276232536
6353216344333463332333331333133213334331233334426343334532233245434246423223333233133333135353342332
1323453342343234233123233234233233321732131232321331546642233322323841323333363321334213334253335222
4211441422524221222364232242631222222424242342122222222122432232236333112212242222234415223321323233
5354448594454757396534735446545664463543225335479544554845536645625465645436435355897374475486736299
9222214122721422222222322222222121361222112222113212221262232521232222222222324322212222221222212221
2231324325523223321243232222322222321535133212225217222232223421523231332222233332221331243122513125
2213344232553255233322233223912331634323331382432333635523233212315533331223233345245545382532522234
3544382325444439444743245235339234451763361533432362433334454541344432443274354332315334343153134222
2223112231142222222232334321222323321332122133222222322222231123322234222243523242221215432212422221
3323223355224223414213333123225232123334323322324322233232232342334223322233311213333433323222344341
4222824134232232215272455381232232241642243222622351243424551522212542728343252548243431374825372242
1124561327327812339323348248942747979232333741438863422422578244842338233727234333652124317332763333
3754136545825784277857794164587452752154428542332755567495876582575631741333322824247923954541645224
6667376434644527447463454444544385956695544837336538345663335144564648444938467454754453565556944434
2222224222125342222222221221242225231122222242122232134244322221132222225222221332213223232222323221
3322222221223132332222122411212222242222323222222222133122322213132222132222222112223222222213321222
4423433343231342442334436172444432243544544423342341424152122354142233444434443434434243443232345324
1224421114333322123143425242342244342122343222242424543322221122342223122242224222132222144323324213
3323243132222412233243423254525235222942213213522232234432142534222222232233333322515232123321534232
1432336332222232231212221324322572261211227163222312323322333322227231411212221434232221216222212233
4548547539233235233163624563334343333423435256334434438164454423614443425533444745362624433344466436
2122361745311436322422452322523121392225236222325233666122222235612624123512267622722263512222341621
3231382222262144422225631222422423411227244232322221252212222227127423127221424252432412222125343422
8228352452134623333232525588523223344453343212358333835335525235563332551233333322434553235144354414
4564548556564529545833357794374649862438898656788566553845753595444459158285554475574347475466465836
2211322231122235322222323243322342223212833223118222224214322222224123212512212333224322211734252224
5456566444656684465766457566665563459364736455675556643546474267565939667565456666594654425744364564
5842526447335556634425344475565367653747675643375432345572334546287535373443366243444263525346442365
2795775723662574538342222373931736324236744273722269664533333258373334445232731561722515426772737133
5452235542452424555623315444943425225255441235434441514544445423612527322634642422245362474344424454
4442427244422593232534324222433434226426532226322516322233512222222241323527223122427223324252322343
6433434435332662333338355533422335435433532654233355554433346433333376633544332266242236332213556556
1131554446233435321243244222565223533422322434522222438342212433431422313422343322455146235535345532
3152557253372232123312222625252325252123127628253243324865273576325261225245325342832253327542535824
2222223213222322211222221222222421222222222322122322212322222222212221222231242122432223222221421222
1642635362633243533454633762353668621331657645336323235347274463338632954672463643336448424544725657
2141223332283222321222242222232121422232223131222231242222223224221223223312225222123423323323414222
4444694453436342782665244777846939475677434444576566333635133442244444165541433427765655444454753345
2224424483456223814452233842667264452512273244422233332276353865643523343215233422372524243232523521
1237824656322266422332233224222363624233552313533622435213371633323533353353631332324343242643333633
1231211221222323222212232212222222222222221322232232222222232122212131232212222121222312222222212232
3223232211223732341332333522132512551611222232211334442322333523224312123317165232212223272232224122
2222222223112241342232212222222235622222122532222225222422232222252241322413229111222212212221222222
2422332523222722227145223652362626152222254242141512321511223533257152222722321217434822242223223232
5434344535342216453455553422511435545243253352331542332222529518348323354344447523455252253327424343
7352469452742223126134342343334224336235442634344428422443425426333843544453444223244422444354651513
1432344474232424532323342445839724873113364433535252243333343336148373423242153323213354228443341344
5415223341143133142522553345331224312311115524312553434123151355154321522452213441233251252445246789
7947595557484664238974656954344733365568666563778863215641447545559736732549337586374634544896346297
3313521345213333233222323312322223121233342223222232351121232331232121343222425231132323432353222332
5221223112221323121222226222222126213222222222222322222222351224222222222132423212214222231662222522
3685347663449334343544694926774751934769593327363542531343516483616764739768951356625233374693264843
5495273527547555222455233422555964573458591465559254322973547456495543478293423723258585364493445652
2246552216532634222224412261623355452435275322712243422222321242435285524346245223234412356222222424
3434452737333139322342333333535433773734333123236385334523433341344545533824337445336334433346227259
2126625567366647366226546343376272475243533462343577547163212662766625668737141326477386353826582622
3334144314213431143144443233314244243444444121123313134411432222111432144422311232112322424211356789
5124222223223242422523262351112225322372362224224322122222241232221222222223132231222142231273222213
4955745669535556665548572752574554536686455275333755347665545853723177525625429748546845574867359777
1354425433245815164742457722954243764446232225714722294227534419347629545742224242535679243633535325
3249925837323336773135677573656587863474853775343454598728683383636935568874487662556343385935836438
4433334223533414235234123435226313433132152394544231323133333263363521613333382343329353347433334352
2121322222122222221222222162223122222222111322222295224232322221222522225213222422322323222122222122
2532444134433412344442452234233322421233132221143133333447213442246322233324514323422244241343242323
1332333247132213224433332362332515425333633323333332743435534352235428245246224328312323335333325325
3323433431451361446345442434352322544314415433472336444436442254355444424443351263623522334446322424
3235242125423424222223122223122323134231212421232222252522124322222323412221224122234122224223232443
4222222422242121224223322224232423222312221242242412224224144121122232132132212222221223223211242211
9667559676865945685656555856576574889344955459959695568659898998679874657653558967857887855885685875
2232522625535276163432652446663255546152454263734332245344452254535455255645332455554585665652347642
3691424432344252982339232423433232852232451252433223224334423642322333215372313243222224433273132623
1211264137133621365373376434721663626276414713254212344646451711141324366741132176514351671667725789
4238352435453344364644467333433563553422633344323541347465433433245445563435224356453536333459463464
3333332272343121323212333322265833544225232335523232352312263221373333333325233322331323234243332341
4245422242334333223222335212332122432233212243234333233313212214313323233224333334213233335232212342
3583533221848265253422226873272522192932233625622562212443525221623434764821682624544222263872226444
4436728764735376733333367833562893341374269723293778542836662627931783323754325675623236253236817376
2414344244245443334353423424444444344434444234334324344443342215513444326432334243314112444444526423
4233311352329131234224523242323221565512453354225223252322242322152112434325423333524322332233235222
2532164227224553572324443844315135565451545255724252535551654423257355332346254322144652325122535371
3355561389336333561653712247712573443288844528736652262723526784373427226712282369245434857623845682
3737322222163266422223162323442624312524422222233322632322422222222227272432222124432325236224657242
5165455435455453241458445555388453557335554984225555255254555545459444454525459252354524534795523395
4522153322221332233922335582246314235452223534324323343928223223122433152312122132423226232154221273
1332222332333212133325223243212123341223332213123223321733323132313222222221112122135222223222522226
3724154661335853639652222523253463324361245122335365213141433326223217122322322328525152876431244286
5557231813565275555558458564753485855353554754446775455366355565665552485555258455568565553153853753
2343238733112232956425323743363427223133321322231322442413232126333515532232323355322234414184332312
1722545461555424552523334224166356244425225526332245535452354442512433843244424663345243532534528245
3452563333332533333333315451322323333233533132233331573623234122332331323323733335464232264335343346
3654434335253423464454333334321454434534344446363443454352524432441354573444454244355332442443434224
6456368336466758556365756764559593646564665346467465456455445684516536645545562666766655555773655535
2441263434432222222625224335242135241433242422324545247512551115221542265232222224334225232344243233
2354415334324223431534325523232232234224544423338334245332552232333756322535522335233335255334245244
3656447676687773455334475373892287865748944389514287778826924545596896362555922859295744487358589588
4223223423333474313423253363222623373414249433433343242223233222143344314214342333333232632384833422
3333343233323334331333362333333224331333243353323324333354337234331343553234335323333333333333232443
4241125324231232212222485234122213232432231222324112124312522552423223242232212241323212412232325252
2422222322232223423222122241412142244224417122242424443421342224211234424124122422323323222331483374
4234333333334423452233333333322334232222332363333335333323333353243433322223335232333333333323463332
3224222332524244222215232624124233362355348235226542632111522274427222511366424272275653262261522542
6222344452372565123555352525335343534255542526225562443235526455535666554445451552646455323455263224
3566135768261756336524563132444442442844443372334554823442482431146734472445426414444164444434462284
6273544363263556455426442634266324447556555664764656665583866464645654563535564656435335526736457452
2241522723635233224243422352455372373143423452324523151415354323222435235412124252334253241532236223
4422334354442342222543442455333444434144544431284434234263345343774144324562433133943545634341125323
4332232235322222213123322232233443321122333323213221132324221212322332243223321333122311224232233222
1326242349524429461442127461433727627425152326343562366515353362343424725714327432374263445643352343
1222212222319222312212222622124121412142257122221223212222226122222221221222322222222122262222132227
4234245976744642245223524244555276224464325472234624645636422436336373544443116325552544572362647645
2523411122223223223542425323223324222242351322224332212442542243433212122422442311323231512322242233
3166566676554545563569644445333665446558666466633233565663656445992446656656165356646163453546545667
8689464664844579384662579662255564357673536345666546645755459466354885353477669568665444295956736515
7539785857849884837353988848869717756844487883754535135354663896777677647665445844285584573579787363
4464257431365154543244324552235333343443466545324436354772454554674646552344225543545425425322544445
4781753735344366434357735325246435464583386538335362264444635636343252337434426345525434647534444733
2244622455224226523342254245117625662226564542333133417232454543321431325223624222232543223762237241
4223316225421512144252513221341523163243235242322312433432322313252545424622425123243535532424422214
6286263335534344533368253462322323435673433431163813565522531643177234656225265534256563324135332135
3413423343333345344223332435343242421333222334315235223322241134432224333434232323334144234322332415
3231323443325333433334332333233222343324223312334334343335332433343258335333333533333324233432323324
4232222442231221123222232222221132254114312334244241322232412223142213222122324222211242451222424423
7445444555357445234334235324424524344516231364354245547334444457366534757345454433544345255453585453
5342211343221423332342523322331328243422322233431322245124123424122433344125242331723432424444134222
2269125224122622367346642456643913624258715426767751334326644642521326341622756213212334345327362125
3122533539325621812333823542376436391645683352666455572324423747353286353333245424637238552469573213
3333323133336333343232433333333323233743342343133333212763233467423333333333234343334341324723373333
3382121222211222221441224221193188222223131253242522921225532222328242523251341222274262222142211243
3132132322234463434236445344243245642523142264256442622632433253333424463242564362362343345664434653
2462213422584194441225422933243263223514223243332333132722117212272525534324413424411442331222222533
2342122122121222322232222252322142232435253232223522224332227222433361632132322354242322272223426535
2223221312312222323232121233212122122222232236222122322422422242222221122122142221211423223322222112
2233512223822212432322422433122324272222223332312222121312223511122222222211131132222182223222222343
2233336283933336652335355983357249278727433343523332743812473471443433336223323252153328532328362952
1222112243123241222242822242223222121542233222412222342242124432312243222442222212432721223223428122
7442343345544344443532345433443633444424434234433544333374238254423242234641444243243434245633432234
2344423531415323365674416336433665352536544323265216115635434215452543525362572644564446435613414454
3433325442264133212641423426873374324266366623443747633354644343537742546433533434361331644232373245
2254244223533222222134542424764222122224225352234543633224422532474324232234242115363243422523342522
7416828637345128812345271376757255835481783716186273472242481671666526273244614764157167775281326229
3354342767259694535333657467696136333254238755374454643457722464133263263245736343156323392645235252
2642723233212334231142223422322236225353227272242232234634422431251242222223344424434773223313335152
4134551666245414412323214355453515546332543535212345233563611321456153622432323661446255536346344789
6222225432225224211211283554321446133541551252521514622525123345222332227314643222222531314727342222
2228323523722385226422122215142933721423895833477228153322384385264644834155241223426335286123341243
3422133231513233223133241232232223624341123232311222233112223332223214231222212212222233222132223322
3223215622213122211222122322222222224422212235212222231222222212213221211221212212213233213112221232
3224243242233532434322424444332453444244235334423423232434543244442342344344434544244212242524313324
2222122341322212222223223213312212813312522242222222322221335122224221422223123322333421222132422212
7367756444653576685622297767274774455555367782771388566565879281285686272758528442226456684774675224
4523313423434331232222332323333332233434443341341364333312342334313333322333323338342331332324334746
3554349243312335222634334333535331612445436321852254235135223232534563145333625551653332233558232333
5443562757664375145583357346556145435548265564455355755457426647844555666365484557355236465593454664
1542231222222332222612212222212212242222222232223222212121222923221212227332232322212235213222222232
3921463432434353253436547534244535363423223632566373333623354313214336432664122333345354385353344116
4423347247473626465182435422322828235553313123584561363224322317354238346432531241327222238324343426
5332242431232412223422312326222252221153323442323326223232425134442222344722421242121221612342222342
3553143446543343374433358293446645542476147382494745533634333454245844444833345455433543927354459733
7446677431564345156165326478334467656665667638634659522953556636337226265546526842137726966668686886
5354532557536443799635474854765647777555648751766232338344583646963276518567333266434448768344673335
8875576976428467897439359854855678576592675983997869996766458536766698779484389656968578698855669899
2912222122232324222226221143122332121232412222213212232152223234122724222213463121614422224242225122
4471333233454324354344414343347344336343414234434723334382347324133345333421644313447143644244644432
3412422431212252523234424122432342211435224222422122222144512212242233223225122111342222242224323322
3123422422222252222182322213232122222332442222222221221124232122282223221222222442322321212222212232
5422326643542245242122222272632321542246221222226512322242121231425211342522222522452441532323546321
1212363528222221232223212233222122472252213252521232252252321322225112112322232221322132322134322121
5822123451221521232214126622552122242542123312224332327123243835255262543121533272241223434422422323
3232334333674533549432674137262333537735635235252322317436533632523372236423733323632236875963255437
6273332634772216436653553827352935462474334636639539125742664396451862379335616486554426223332348727
2212222221222222222222112211222424221122122224232122122244131223231132222222222222222222222122221222
2224212221323121443113221122522313322222221331631222422123222422224384221232223241124221323212126225
3294385374644624373853643362443494344343364577434653152744239464433486851332349324534393836233474642
3273235323312533322423353131333323241323271223323232333322213433112333322224233231122333423253522324
1244423333322233223235235323234233334363333333233474453352225333423322234232332233323233333333233323
4674556453665334326164532656563634435424443534343455344832623434633443634435415465344543435443442353
3441224265212321235534442343443454441232123223413322542214334353343366543413424453234244223442334242
1321222123222132222221225211222242221222212322222222222331223321525242223232322221222122312212333242
3212222422222222211222222322132222222222312222421122212421322352221213221123122211321223723212233232
2222231221512223222221122222221322222222224212122222222222222122222122232122122222222112234228222212
5745127246656354258454752676611822326658657444666273665255336326476424623442564676773562325567776761
2234345254543472364236535652232322243431542451326722423432353244325426322324362232239224754123321353
5311474353345337334323253357343334153332313242123235333533247333223223444223272363533336621352323364
2113321622353266323322337212258272559612637563223212222122323524122223231223433433223251542744472224
2222414441224345244433322212544342444333132413533622441534143243232433242625254243433385231332255231
Max batteries in bank 7351233232223322522345345322222228225558344335123455325352426422353243225281562241322434848323342852 2: [8, 8]
Max batteries in bank 5433445525443544954444443576444458442455326353465134665547447342574645424544275242443465156444215643 2: [9, 8]
Max batteries in bank 2344323254238324344443324333412234342243363246314375326354514244431354834344246137562233387223242853 2: [8, 8]
Max batteries in bank 4331233243234124332321224232222322334244422332133222221322231323335323534433623642333331512232233432 2: [6, 6]
Max batteries in bank 1233323223333253234423353115222332342333122432232133232122232142334334332513246153353423132223343321 2: [6, 5]
Max batteries in bank 5475443754463456443553623757544552542473236644533515443525753533335455813422441375454516465356431656 2: [8, 7]
Max batteries in bank 3276322333332353334423643343456353344346332432253323323762333323733333633333636333353413233334554424 2: [7, 7]
Max batteries in bank 2312222312481252235552224312342146252529326662211733375132422225462424664226716222242225435316534726 2: [9, 7]
Max batteries in bank 5647566942478436876464969445631974775545947778858663954749446977584553756576839855679547564255237657 2: [9, 9]
Max batteries in bank 4244444412141433344433323424434413423444244432524143445324343444345334443254333342231332441216232453 2: [6, 5]
Max batteries in bank 5443446554346664654544444455354344534734466444644324435465424465432332532354454235344543435342453644 2: [7, 6]
Max batteries in bank 6544455236356461335366354531255254443355242635645521555255146456113545536723155522252234543584534422 2: [8, 5]
Max batteries in bank 2322222221124122252222222212222222223122222222123312222211223222222111222122222322532212122213222242 2: [5, 5]
Max batteries in bank 2232111242252322522242224451439133426512215326244222221652425326222412463476122354223372154222136212 2: [9, 7]
Max batteries in bank 4142224826172737614322257272692678732262146755524451413837432232457622532576238453234431772276232536 2: [9, 8]
Max batteries in bank 6353216344333463332333331333133213334331233334426343334532233245434246423223333233133333135353342332 2: [6, 6]
Max batteries in bank 1323453342343234233123233234233233321732131232321331546642233322323841323333363321334213334253335222 2: [8, 6]
Max batteries in bank 4211441422524221222364232242631222222424242342122222222122432232236333112212242222234415223321323233 2: [6, 6]
Max batteries in bank 5354448594454757396534735446545664463543225335479544554845536645625465645436435355897374475486736299 2: [9, 9]
Max batteries in bank 9222214122721422222222322222222121361222112222113212221262232521232222222222324322212222221222212221 2: [9, 7]
Max batteries in bank 2231324325523223321243232222322222321535133212225217222232223421523231332222233332221331243122513125 2: [7, 5]
Max batteries in bank 2213344232553255233322233223912331634323331382432333635523233212315533331223233345245545382532522234 2: [9, 8]
Max batteries in bank 3544382325444439444743245235339234451763361533432362433334454541344432443274354332315334343153134222 2: [9, 9]
Max batteries in bank 2223112231142222222232334321222323321332122133222222322222231123322234222243523242221215432212422221 2: [5, 5]
Max batteries in bank 3323223355224223414213333123225232123334323322324322233232232342334223322233311213333433323222344341 2: [5, 5]
Max batteries in bank 4222824134232232215272455381232232241642243222622351243424551522212542728343252548243431374825372242 2: [8, 8]
Max batteries in bank 1124561327327812339323348248942747979232333741438863422422578244842338233727234333652124317332763333 2: [9, 9]
Max batteries in bank 3754136545825784277857794164587452752154428542332755567495876582575631741333322824247923954541645224 2: [9, 9]
Max batteries in bank 6667376434644527447463454444544385956695544837336538345663335144564648444938467454754453565556944434 2: [9, 9]
Max batteries in bank 2222224222125342222222221221242225231122222242122232134244322221132222225222221332213223232222323221 2: [5, 5]
Max batteries in bank 3322222221223132332222122411212222242222323222222222133122322213132222132222222112223222222213321222 2: [4, 4]
Max batteries in bank 4423433343231342442334436172444432243544544423342341424152122354142233444434443434434243443232345324 2: [7, 5]
Max batteries in bank 1224421114333322123143425242342244342122343222242424543322221122342223122242224222132222144323324213 2: [5, 5]
Max batteries in bank 3323243132222412233243423254525235222942213213522232234432142534222222232233333322515232123321534232 2: [9, 5]
Max batteries in bank 1432336332222232231212221324322572261211227163222312323322333322227231411212221434232221216222212233 2: [7, 7]
Max batteries in bank 4548547539233235233163624563334343333423435256334434438164454423614443425533444745362624433344466436 2: [9, 8]
Max batteries in bank 2122361745311436322422452322523121392225236222325233666122222235612624123512267622722263512222341621 2: [9, 7]
Max batteries in bank 3231382222262144422225631222422423411227244232322221252212222227127423127221424252432412222125343422 2: [8, 7]
Max batteries in bank 8228352452134623333232525588523223344453343212358333835335525235563332551233333322434553235144354414 2: [8, 8]
Max batteries in bank 4564548556564529545833357794374649862438898656788566553845753595444459158285554475574347475466465836 2: [9, 9]
Max batteries in bank 2211322231122235322222323243322342223212833223118222224214322222224123212512212333224322211734252224 2: [8, 8]
Max batteries in bank 5456566444656684465766457566665563459364736455675556643546474267565939667565456666594654425744364564 2: [9, 9]
Max batteries in bank 5842526447335556634425344475565367653747675643375432345572334546287535373443366243444263525346442365 2: [8, 8]
Max batteries in bank 2795775723662574538342222373931736324236744273722269664533333258373334445232731561722515426772737133 2: [9, 9]
Max batteries in bank 5452235542452424555623315444943425225255441235434441514544445423612527322634642422245362474344424454 2: [9, 7]
Max batteries in bank 4442427244422593232534324222433434226426532226322516322233512222222241323527223122427223324252322343 2: [9, 7]
Max batteries in bank 6433434435332662333338355533422335435433532654233355554433346433333376633544332266242236332213556556 2: [8, 7]
Max batteries in bank 1131554446233435321243244222565223533422322434522222438342212433431422313422343322455146235535345532 2: [8, 6]
Max batteries in bank 3152557253372232123312222625252325252123127628253243324865273576325261225245325342832253327542535824 2: [8, 8]
Max batteries in bank 2222223213222322211222221222222421222222222322122322212322222222212221222231242122432223222221421222 2: [4, 4]
Max batteries in bank 1642635362633243533454633762353668621331657645336323235347274463338632954672463643336448424544725657 2: [9, 8]
Max batteries in bank 2141223332283222321222242222232121422232223131222231242222223224221223223312225222123423323323414222 2: [8, 5]
Max batteries in bank 4444694453436342782665244777846939475677434444576566333635133442244444165541433427765655444454753345 2: [9, 9]
Max batteries in bank 2224424483456223814452233842667264452512273244422233332276353865643523343215233422372524243232523521 2: [8, 8]
Max batteries in bank 1237824656322266422332233224222363624233552313533622435213371633323533353353631332324343242643333633 2: [8, 7]
Max batteries in bank 1231211221222323222212232212222222222222221322232232222222232122212131232212222121222312222222212232 2: [3, 3]
Max batteries in bank 3223232211223732341332333522132512551611222232211334442322333523224312123317165232212223272232224122 2: [7, 7]
Max batteries in bank 2222222223112241342232212222222235622222122532222225222422232222252241322413229111222212212221222222 2: [9, 2]
Max batteries in bank 2422332523222722227145223652362626152222254242141512321511223533257152222722321217434822242223223232 2: [8, 4]
Max batteries in bank 5434344535342216453455553422511435545243253352331542332222529518348323354344447523455252253327424343 2: [9, 8]
Max batteries in bank 7352469452742223126134342343334224336235442634344428422443425426333843544453444223244422444354651513 2: [9, 8]
Max batteries in bank 1432344474232424532323342445839724873113364433535252243333343336148373423242153323213354228443341344 2: [9, 8]
Max batteries in bank 5415223341143133142522553345331224312311115524312553434123151355154321522452213441233251252445246789 2: [8, 9]
Max batteries in bank 7947595557484664238974656954344733365568666563778863215641447545559736732549337586374634544896346297 2: [9, 9]
Max batteries in bank 3313521345213333233222323312322223121233342223222232351121232331232121343222425231132323432353222332 2: [5, 5]
Max batteries in bank 5221223112221323121222226222222126213222222222222322222222351224222222222132423212214222231662222522 2: [6, 6]
Max batteries in bank 3685347663449334343544694926774751934769593327363542531343516483616764739768951356625233374693264843 2: [9, 9]
Max batteries in bank 5495273527547555222455233422555964573458591465559254322973547456495543478293423723258585364493445652 2: [9, 9]
Max batteries in bank 2246552216532634222224412261623355452435275322712243422222321242435285524346245223234412356222222424 2: [8, 6]
Max batteries in bank 3434452737333139322342333333535433773734333123236385334523433341344545533824337445336334433346227259 2: [9, 9]
Max batteries in bank 2126625567366647366226546343376272475243533462343577547163212662766625668737141326477386353826582622 2: [8, 8]
Max batteries in bank 3334144314213431143144443233314244243444444121123313134411432222111432144422311232112322424211356789 2: [8, 9]
Max batteries in bank 5124222223223242422523262351112225322372362224224322122222241232221222222223132231222142231273222213 2: [7, 7]
Max batteries in bank 4955745669535556665548572752574554536686455275333755347665545853723177525625429748546845574867359777 2: [9, 9]
Max batteries in bank 1354425433245815164742457722954243764446232225714722294227534419347629545742224242535679243633535325 2: [9, 9]
Max batteries in bank 3249925837323336773135677573656587863474853775343454598728683383636935568874487662556343385935836438 2: [9, 9]
Max batteries in bank 4433334223533414235234123435226313433132152394544231323133333263363521613333382343329353347433334352 2: [9, 9]
Max batteries in bank 2121322222122222221222222162223122222222111322222295224232322221222522225213222422322323222122222122 2: [9, 5]
Max batteries in bank 2532444134433412344442452234233322421233132221143133333447213442246322233324514323422244241343242323 2: [7, 6]
Max batteries in bank 1332333247132213224433332362332515425333633323333332743435534352235428245246224328312323335333325325 2: [8, 8]
Max batteries in bank 3323433431451361446345442434352322544314415433472336444436442254355444424443351263623522334446322424 2: [7, 6]
Max batteries in bank 3235242125423424222223122223122323134231212421232222252522124322222323412221224122234122224223232443 2: [5, 5]
Max batteries in bank 4222222422242121224223322224232423222312221242242412224224144121122232132132212222221223223211242211 2: [4, 4]
Max batteries in bank 9667559676865945685656555856576574889344955459959695568659898998679874657653558967857887855885685875 2: [9, 9]
Max batteries in bank 2232522625535276163432652446663255546152454263734332245344452254535455255645332455554585665652347642 2: [8, 7]
Max batteries in bank 3691424432344252982339232423433232852232451252433223224334423642322333215372313243222224433273132623 2: [9, 9]
Max batteries in bank 1211264137133621365373376434721663626276414713254212344646451711141324366741132176514351671667725789 2: [8, 9]
Max batteries in bank 4238352435453344364644467333433563553422633344323541347465433433245445563435224356453536333459463464 2: [9, 6]
Max batteries in bank 3333332272343121323212333322265833544225232335523232352312263221373333333325233322331323234243332341 2: [8, 7]
Max batteries in bank 4245422242334333223222335212332122432233212243234333233313212214313323233224333334213233335232212342 2: [5, 5]
Max batteries in bank 3583533221848265253422226873272522192932233625622562212443525221623434764821682624544222263872226444 2: [9, 9]
Max batteries in bank 4436728764735376733333367833562893341374269723293778542836662627931783323754325675623236253236817376 2: [9, 9]
Max batteries in bank 2414344244245443334353423424444444344434444234334324344443342215513444326432334243314112444444526423 2: [6, 6]
Max batteries in bank 4233311352329131234224523242323221565512453354225223252322242322152112434325423333524322332233235222 2: [9, 6]
Max batteries in bank 2532164227224553572324443844315135565451545255724252535551654423257355332346254322144652325122535371 2: [8, 7]
Max batteries in bank 3355561389336333561653712247712573443288844528736652262723526784373427226712282369245434857623845682 2: [9, 9]
Max batteries in bank 3737322222163266422223162323442624312524422222233322632322422222222227272432222124432325236224657242 2: [7, 7]
Max batteries in bank 5165455435455453241458445555388453557335554984225555255254555545459444454525459252354524534795523395 2: [9, 9]
Max batteries in bank 4522153322221332233922335582246314235452223534324323343928223223122433152312122132423226232154221273 2: [9, 9]
Max batteries in bank 1332222332333212133325223243212123341223332213123223321733323132313222222221112122135222223222522226 2: [7, 6]
Max batteries in bank 3724154661335853639652222523253463324361245122335365213141433326223217122322322328525152876431244286 2: [9, 8]
Max batteries in bank 5557231813565275555558458564753485855353554754446775455366355565665552485555258455568565553153853753 2: [8, 8]
Max batteries in bank 2343238733112232956425323743363427223133321322231322442413232126333515532232323355322234414184332312 2: [9, 8]
Max batteries in bank 1722545461555424552523334224166356244425225526332245535452354442512433843244424663345243532534528245 2: [8, 8]
Max batteries in bank 3452563333332533333333315451322323333233533132233331573623234122332331323323733335464232264335343346 2: [7, 7]
Max batteries in bank 3654434335253423464454333334321454434534344446363443454352524432441354573444454244355332442443434224 2: [7, 5]
Max batteries in bank 6456368336466758556365756764559593646564665346467465456455445684516536645545562666766655555773655535 2: [9, 9]
Max batteries in bank 2441263434432222222625224335242135241433242422324545247512551115221542265232222224334225232344243233 2: [7, 6]
Max batteries in bank 2354415334324223431534325523232232234224544423338334245332552232333756322535522335233335255334245244 2: [8, 7]
Max batteries in bank 3656447676687773455334475373892287865748944389514287778826924545596896362555922859295744487358589588 2: [9, 9]
Max batteries in bank 4223223423333474313423253363222623373414249433433343242223233222143344314214342333333232632384833422 2: [9, 8]
Max batteries in bank 3333343233323334331333362333333224331333243353323324333354337234331343553234335323333333333333232443 2: [7, 5]
Max batteries in bank 4241125324231232212222485234122213232432231222324112124312522552423223242232212241323212412232325252 2: [8, 5]
Max batteries in bank 2422222322232223423222122241412142244224417122242424443421342224211234424124122422323323222331483374 2: [8, 7]
Max batteries in bank 4234333333334423452233333333322334232222332363333335333323333353243433322223335232333333333323463332 2: [6, 6]
Max batteries in bank 3224222332524244222215232624124233362355348235226542632111522274427222511366424272275653262261522542 2: [8, 7]
Max batteries in bank 6222344452372565123555352525335343534255542526225562443235526455535666554445451552646455323455263224 2: [7, 6]
Max batteries in bank 3566135768261756336524563132444442442844443372334554823442482431146734472445426414444164444434462284 2: [8, 8]
Max batteries in bank 6273544363263556455426442634266324447556555664764656665583866464645654563535564656435335526736457452 2: [8, 8]
Max batteries in bank 2241522723635233224243422352455372373143423452324523151415354323222435235412124252334253241532236223 2: [7, 7]
Max batteries in bank 4422334354442342222543442455333444434144544431284434234263345343774144324562433133943545634341125323 2: [9, 6]
Max batteries in bank 4332232235322222213123322232233443321122333323213221132324221212322332243223321333122311224232233222 2: [5, 4]
Max batteries in bank 1326242349524429461442127461433727627425152326343562366515353362343424725714327432374263445643352343 2: [9, 9]
Max batteries in bank 1222212222319222312212222622124121412142257122221223212222226122222221221222322222222122262222132227 2: [9, 7]
Max batteries in bank 4234245976744642245223524244555276224464325472234624645636422436336373544443116325552544572362647645 2: [9, 7]
Max batteries in bank 2523411122223223223542425323223324222242351322224332212442542243433212122422442311323231512322242233 2: [5, 5]
Max batteries in bank 3166566676554545563569644445333665446558666466633233565663656445992446656656165356646163453546545667 2: [9, 9]
Max batteries in bank 8689464664844579384662579662255564357673536345666546645755459466354885353477669568665444295956736515 2: [9, 9]
Max batteries in bank 7539785857849884837353988848869717756844487883754535135354663896777677647665445844285584573579787363 2: [9, 9]
Max batteries in bank 4464257431365154543244324552235333343443466545324436354772454554674646552344225543545425425322544445 2: [7, 7]
Max batteries in bank 4781753735344366434357735325246435464583386538335362264444635636343252337434426345525434647534444733 2: [8, 8]
Max batteries in bank 2244622455224226523342254245117625662226564542333133417232454543321431325223624222232543223762237241 2: [7, 7]
Max batteries in bank 4223316225421512144252513221341523163243235242322312433432322313252545424622425123243535532424422214 2: [6, 6]
Max batteries in bank 6286263335534344533368253462322323435673433431163813565522531643177234656225265534256563324135332135 2: [8, 8]
Max batteries in bank 3413423343333345344223332435343242421333222334315235223322241134432224333434232323334144234322332415 2: [5, 5]
Max batteries in bank 3231323443325333433334332333233222343324223312334334343335332433343258335333333533333324233432323324 2: [8, 5]
Max batteries in bank 4232222442231221123222232222221132254114312334244241322232412223142213222122324222211242451222424423 2: [5, 5]
Max batteries in bank 7445444555357445234334235324424524344516231364354245547334444457366534757345454433544345255453585453 2: [8, 5]
Max batteries in bank 5342211343221423332342523322331328243422322233431322245124123424122433344125242331723432424444134222 2: [8, 7]
Max batteries in bank 2269125224122622367346642456643913624258715426767751334326644642521326341622756213212334345327362125 2: [9, 9]
Max batteries in bank 3122533539325621812333823542376436391645683352666455572324423747353286353333245424637238552469573213 2: [9, 9]
Max batteries in bank 3333323133336333343232433333333323233743342343133333212763233467423333333333234343334341324723373333 2: [7, 7]
Max batteries in bank 3382121222211222221441224221193188222223131253242522921225532222328242523251341222274262222142211243 2: [9, 9]
Max batteries in bank 3132132322234463434236445344243245642523142264256442622632433253333424463242564362362343345664434653 2: [6, 6]
Max batteries in bank 2462213422584194441225422933243263223514223243332333132722117212272525534324413424411442331222222533 2: [9, 9]
Max batteries in bank 2342122122121222322232222252322142232435253232223522224332227222433361632132322354242322272223426535 2: [7, 7]
Max batteries in bank 2223221312312222323232121233212122122222232236222122322422422242222221122122142221211423223322222112 2: [6, 4]
Max batteries in bank 2233512223822212432322422433122324272222223332312222121312223511122222222211131132222182223222222343 2: [8, 8]
Max batteries in bank 2233336283933336652335355983357249278727433343523332743812473471443433336223323252153328532328362952 2: [9, 9]
Max batteries in bank 1222112243123241222242822242223222121542233222412222342242124432312243222442222212432721223223428122 2: [8, 8]
Max batteries in bank 7442343345544344443532345433443633444424434234433544333374238254423242234641444243243434245633432234 2: [8, 6]
Max batteries in bank 2344423531415323365674416336433665352536544323265216115635434215452543525362572644564446435613414454 2: [7, 7]
Max batteries in bank 3433325442264133212641423426873374324266366623443747633354644343537742546433533434361331644232373245 2: [8, 7]
Max batteries in bank 2254244223533222222134542424764222122224225352234543633224422532474324232234242115363243422523342522 2: [7, 7]
Max batteries in bank 7416828637345128812345271376757255835481783716186273472242481671666526273244614764157167775281326229 2: [8, 9]
Max batteries in bank 3354342767259694535333657467696136333254238755374454643457722464133263263245736343156323392645235252 2: [9, 9]
Max batteries in bank 2642723233212334231142223422322236225353227272242232234634422431251242222223344424434773223313335152 2: [7, 7]
Max batteries in bank 4134551666245414412323214355453515546332543535212345233563611321456153622432323661446255536346344789 2: [8, 9]
Max batteries in bank 6222225432225224211211283554321446133541551252521514622525123345222332227314643222222531314727342222 2: [8, 7]
Max batteries in bank 2228323523722385226422122215142933721423895833477228153322384385264644834155241223426335286123341243 2: [9, 9]
Max batteries in bank 3422133231513233223133241232232223624341123232311222233112223332223214231222212212222233222132223322 2: [6, 4]
Max batteries in bank 3223215622213122211222122322222222224422212235212222231222222212213221211221212212213233213112221232 2: [6, 5]
Max batteries in bank 3224243242233532434322424444332453444244235334423423232434543244442342344344434544244212242524313324 2: [5, 5]
Max batteries in bank 2222122341322212222223223213312212813312522242222222322221335122224221422223123322333421222132422212 2: [8, 5]
Max batteries in bank 7367756444653576685622297767274774455555367782771388566565879281285686272758528442226456684774675224 2: [9, 9]
Max batteries in bank 4523313423434331232222332323333332233434443341341364333312342334313333322333323338342331332324334746 2: [8, 7]
Max batteries in bank 3554349243312335222634334333535331612445436321852254235135223232534563145333625551653332233558232333 2: [9, 8]
Max batteries in bank 5443562757664375145583357346556145435548265564455355755457426647844555666365484557355236465593454664 2: [9, 6]
Max batteries in bank 1542231222222332222612212222212212242222222232223222212121222923221212227332232322212235213222222232 2: [9, 7]
Max batteries in bank 3921463432434353253436547534244535363423223632566373333623354313214336432664122333345354385353344116 2: [9, 8]
Max batteries in bank 4423347247473626465182435422322828235553313123584561363224322317354238346432531241327222238324343426 2: [8, 8]
Max batteries in bank 5332242431232412223422312326222252221153323442323326223232425134442222344722421242121221612342222342 2: [7, 6]
Max batteries in bank 3553143446543343374433358293446645542476147382494745533634333454245844444833345455433543927354459733 2: [9, 9]
Max batteries in bank 7446677431564345156165326478334467656665667638634659522953556636337226265546526842137726966668686886 2: [9, 9]
Max batteries in bank 5354532557536443799635474854765647777555648751766232338344583646963276518567333266434448768344673335 2: [9, 9]
Max batteries in bank 8875576976428467897439359854855678576592675983997869996766458536766698779484389656968578698855669899 2: [9, 9]
Max batteries in bank 2912222122232324222226221143122332121232412222213212232152223234122724222213463121614422224242225122 2: [9, 7]
Max batteries in bank 4471333233454324354344414343347344336343414234434723334382347324133345333421644313447143644244644432 2: [8, 7]
Max batteries in bank 3412422431212252523234424122432342211435224222422122222144512212242233223225122111342222242224323322 2: [5, 5]
Max batteries in bank 3123422422222252222182322213232122222332442222222221221124232122282223221222222442322321212222212232 2: [8, 8]
Max batteries in bank 5422326643542245242122222272632321542246221222226512322242121231425211342522222522452441532323546321 2: [7, 6]
Max batteries in bank 1212363528222221232223212233222122472252213252521232252252321322225112112322232221322132322134322121 2: [8, 7]
Max batteries in bank 5822123451221521232214126622552122242542123312224332327123243835255262543121533272241223434422422323 2: [8, 8]
Max batteries in bank 3232334333674533549432674137262333537735635235252322317436533632523372236423733323632236875963255437 2: [9, 9]
Max batteries in bank 6273332634772216436653553827352935462474334636639539125742664396451862379335616486554426223332348727 2: [9, 9]
Max batteries in bank 2212222221222222222222112211222424221122122224232122122244131223231132222222222222222222222122221222 2: [4, 4]
Max batteries in bank 2224212221323121443113221122522313322222221331631222422123222422224384221232223241124221323212126225 2: [8, 6]
Max batteries in bank 3294385374644624373853643362443494344343364577434653152744239464433486851332349324534393836233474642 2: [9, 9]
Max batteries in bank 3273235323312533322423353131333323241323271223323232333322213433112333322224233231122333423253522324 2: [7, 7]
Max batteries in bank 1244423333322233223235235323234233334363333333233474453352225333423322234232332233323233333333233323 2: [7, 5]
Max batteries in bank 4674556453665334326164532656563634435424443534343455344832623434633443634435415465344543435443442353 2: [8, 6]
Max batteries in bank 3441224265212321235534442343443454441232123223413322542214334353343366543413424453234244223442334242 2: [6, 6]
Max batteries in bank 1321222123222132222221225211222242221222212322222222222331223321525242223232322221222122312212333242 2: [5, 5]
Max batteries in bank 3212222422222222211222222322132222222222312222421122212421322352221213221123122211321223723212233232 2: [7, 3]
Max batteries in bank 2222231221512223222221122222221322222222224212122222222222222122222122232122122222222112234228222212 2: [8, 2]
Max batteries in bank 5745127246656354258454752676611822326658657444666273665255336326476424623442564676773562325567776761 2: [8, 8]
Max batteries in bank 2234345254543472364236535652232322243431542451326722423432353244325426322324362232239224754123321353 2: [9, 7]
Max batteries in bank 5311474353345337334323253357343334153332313242123235333533247333223223444223272363533336621352323364 2: [7, 7]
Max batteries in bank 2113321622353266323322337212258272559612637563223212222122323524122223231223433433223251542744472224 2: [9, 7]
Max batteries in bank 2222414441224345244433322212544342444333132413533622441534143243232433242625254243433385231332255231 2: [8, 5]
Result step 1: 16946
Max batteries in bank 7351233232223322522345345322222228225558344335123455325352426422353243225281562241322434848323342852 12: [8, 8, 8, 8, 8, 3, 3, 4, 2, 8, 5, 2]
Max batteries in bank 5433445525443544954444443576444458442455326353465134665547447342574645424544275242443465156444215643 12: [9, 8, 7, 7, 7, 7, 6, 6, 5, 6, 4, 3]
Max batteries in bank 2344323254238324344443324333412234342243363246314375326354514244431354834344246137562233387223242853 12: [8, 8, 8, 7, 2, 3, 2, 4, 2, 8, 5, 3]
Max batteries in bank 4331233243234124332321224232222322334244422332133222221322231323335323534433623642333331512232233432 12: [6, 6, 5, 2, 3, 2, 2, 3, 3, 4, 3, 2]
Max batteries in bank 1233323223333253234423353115222332342333122432232133232122232142334334332513246153353423132223343321 12: [6, 5, 5, 4, 3, 3, 3, 4, 3, 3, 2, 1]
Max batteries in bank 5475443754463456443553623757544552542473236644533515443525753533335455813422441375454516465356431656 12: [8, 7, 6, 6, 5, 6, 4, 3, 1, 6, 5, 6]
Max batteries in bank 3276322333332353334423643343456353344346332432253323323762333323733333633333636333353413233334554424 12: [7, 7, 7, 6, 6, 6, 5, 5, 5, 4, 4, 4]
Max batteries in bank 2312222312481252235552224312342146252529326662211733375132422225462424664226716222242225435316534726 12: [9, 7, 7, 7, 6, 6, 5, 3, 4, 7, 2, 6]
Max batteries in bank 5647566942478436876464969445631974775545947778858663954749446977584553756576839855679547564255237657 12: [9, 9, 9, 9, 9, 9, 9, 9, 9, 9, 7, 7]
Max batteries in bank 4244444412141433344433323424434413423444244432524143445324343444345334443254333342231332441216232453 12: [5, 5, 5, 5, 4, 6, 2, 3, 2, 4, 5, 3]
Max batteries in bank 5443446554346664654544444455354344534734466444644324435465424465432332532354454235344543435342453644 12: [7, 6, 6, 6, 6, 6, 5, 5, 5, 6, 4, 4]
Max batteries in bank 6544455236356461335366354531255254443355242635645521555255146456113545536723155522252234543584534422 12: [7, 5, 5, 5, 8, 4, 5, 3, 4, 4, 2, 2]
Max batteries in bank 2322222221124122252222222212222222223122222222123312222211223222222111222122222322532212122213222242 12: [5, 5, 3, 2, 2, 3, 2, 2, 2, 2, 4, 2]
Max batteries in bank 2232111242252322522242224451439133426512215326244222221652425326222412463476122354223372154222136212 12: [9, 7, 7, 5, 4, 2, 2, 3, 6, 2, 1, 2]
Max batteries in bank 4142224826172737614322257272692678732262146755524451413837432232457622532576238453234431772276232536 12: [9, 8, 8, 8, 7, 7, 7, 6, 3, 5, 3, 6]
Max batteries in bank 6353216344333463332333331333133213334331233334426343334532233245434246423223333233133333135353342332 12: [6, 6, 6, 6, 6, 5, 5, 4, 2, 3, 3, 2]
Max batteries in bank 1323453342343234233123233234233233321732131232321331546642233322323841323333363321334213334253335222 12: [8, 6, 4, 4, 5, 3, 3, 3, 5, 2, 2, 2]
Max batteries in bank 4211441422524221222364232242631222222424242342122222222122432232236333112212242222234415223321323233 12: [6, 6, 6, 5, 3, 3, 3, 2, 3, 2, 3, 3]
Max batteries in bank 5354448594454757396534735446545664463543225335479544554845536645625465645436435355897374475486736299 12: [9, 9, 9, 9, 8, 6, 7, 3, 6, 2, 9, 9]
Max batteries in bank 9222214122721422222222322222222121361222112222113212221262232521232222222222324322212222221222212221 12: [9, 7, 6, 6, 5, 4, 3, 2, 2, 2, 2, 2]
Max batteries in bank 2231324325523223321243232222322222321535133212225217222232223421523231332222233332221331243122513125 12: [7, 5, 4, 3, 2, 2, 5, 1, 3, 1, 2, 5]
Max batteries in bank 2213344232553255233322233223912331634323331382432333635523233212315533331223233345245545382532522234 12: [9, 8, 8, 5, 3, 2, 5, 2, 2, 2, 3, 4]
Max batteries in bank 3544382325444439444743245235339234451763361533432362433334454541344432443274354332315334343153134222 12: [9, 9, 7, 7, 5, 5, 5, 3, 4, 2, 2, 2]
Max batteries in bank 2223112231142222222232334321222323321332122133222222322222231123322234222243523242221215432212422221 12: [5, 5, 4, 3, 2, 2, 4, 2, 2, 2, 2, 1]
Max batteries in bank 3323223355224223414213333123225232123334323322324322233232232342334223322233311213333433323222344341 12: [5, 5, 5, 4, 4, 4, 4, 4, 4, 4, 4, 1]
Max batteries in bank 4222824134232232215272455381232232241642243222622351243424551522212542728343252548243431374825372242 12: [8, 8, 8, 8, 8, 5, 3, 7, 2, 2, 4, 2]
Max batteries in bank 1124561327327812339323348248942747979232333741438863422422578244842338233727234333652124317332763333 12: [9, 9, 9, 9, 8, 8, 8, 8, 8, 7, 7, 7]
Max batteries in bank 3754136545825784277857794164587452752154428542332755567495876582575631741333322824247923954541645224 12: [9, 9, 9, 9, 5, 5, 6, 4, 5, 2, 2, 4]
Max batteries in bank 6667376434644527447463454444544385956695544837336538345663335144564648444938467454754453565556944434 12: [9, 9, 9, 8, 7, 7, 9, 4, 4, 4, 3, 4]
Max batteries in bank 2222224222125342222222221221242225231122222242122232134244322221132222225222221332213223232222323221 12: [5, 5, 5, 3, 3, 3, 3, 3, 3, 3, 2, 2]
Max batteries in bank 3322222221223132332222122411212222242222323222222222133122322213132222132222222112223222222213321222 12: [4, 4, 3, 3, 3, 3, 3, 3, 3, 3, 3, 3]
Max batteries in bank 4423433343231342442334436172444432243544544423342341424152122354142233444434443434434243443232345324 12: [7, 5, 5, 5, 5, 4, 4, 4, 5, 3, 2, 4]
Max batteries in bank 1224421114333322123143425242342244342122343222242424543322221122342223122242224222132222144323324213 12: [5, 5, 4, 4, 4, 4, 4, 4, 4, 2, 1, 3]
Max batteries in bank 3323243132222412233243423254525235222942213213522232234432142534222222232233333322515232123321534232 12: [9, 5, 5, 5, 5, 3, 5, 3, 4, 2, 3, 2]
Max batteries in bank 1432336332222232231212221324322572261211227163222312323322333322227231411212221434232221216222212233 12: [7, 7, 7, 6, 2, 2, 2, 2, 2, 2, 3, 3]
Max batteries in bank 4548547539233235233163624563334343333423435256334434438164454423614443425533444745362624433344466436 12: [9, 8, 7, 6, 6, 4, 4, 6, 6, 4, 3, 6]
Max batteries in bank 2122361745311436322422452322523121392225236222325233666122222235612624123512267622722263512222341621 12: [9, 7, 7, 6, 5, 2, 3, 4, 1, 6, 2, 1]
Max batteries in bank 3231382222262144422225631222422423411227244232322221252212222227127423127221424252432412222125343422 12: [8, 7, 7, 7, 7, 5, 5, 4, 3, 4, 2, 2]
Max batteries in bank 8228352452134623333232525588523223344453343212358333835335525235563332551233333322434553235144354414 12: [8, 8, 8, 8, 8, 8, 6, 5, 5, 5, 5, 5]
Max batteries in bank 4564548556564529545833357794374649862438898656788566553845753595444459158285554475574347475466465836 12: [9, 9, 9, 9, 9, 9, 8, 8, 7, 8, 3, 6]
Max batteries in bank 2211322231122235322222323243322342223212833223118222224214322222224123212512212333224322211734252224 12: [8, 8, 5, 7, 3, 4, 2, 5, 2, 2, 2, 4]
Max batteries in bank 5456566444656684465766457566665563459364736455675556643546474267565939667565456666594654425744364564 12: [9, 9, 9, 9, 7, 4, 4, 6, 4, 5, 6, 4]
Max batteries in bank 5842526447335556634425344475565367653747675643375432345572334546287535373443366243444263525346442365 12: [8, 8, 7, 7, 6, 6, 6, 6, 4, 4, 6, 5]
Max batteries in bank 2795775723662574538342222373931736324236744273722269664533333258373334445232731561722515426772737133 12: [9, 9, 9, 8, 7, 7, 7, 7, 7, 7, 7, 3]
Max batteries in bank 5452235542452424555623315444943425225255441235434441514544445423612527322634642422245362474344424454 12: [9, 7, 7, 4, 4, 4, 4, 2, 4, 4, 5, 4]
Max batteries in bank 4442427244422593232534324222433434226426532226322516322233512222222241323527223122427223324252322343 12: [9, 7, 7, 4, 5, 2, 3, 2, 2, 3, 4, 3]
Max batteries in bank 6433434435332662333338355533422335435433532654233355554433346433333376633544332266242236332213556556 12: [8, 7, 6, 6, 6, 6, 6, 5, 6, 5, 5, 6]
Max batteries in bank 1131554446233435321243244222565223533422322434522222438342212433431422313422343322455146235535345532 12: [8, 6, 5, 5, 3, 5, 3, 4, 5, 5, 3, 2]
Max batteries in bank 3152557253372232123312222625252325252123127628253243324865273576325261225245325342832253327542535824 12: [8, 8, 8, 7, 5, 4, 5, 3, 5, 8, 2, 4]
Max batteries in bank 2222223213222322211222221222222421222222222322122322212322222222212221222231242122432223222221421222 12: [4, 4, 4, 3, 3, 2, 4, 2, 1, 2, 2, 2]
Max batteries in bank 1642635362633243533454633762353668621331657645336323235347274463338632954672463643336448424544725657 12: [9, 8, 4, 5, 4, 4, 7, 2, 5, 6, 5, 7]
Max batteries in bank 2141223332283222321222242222232121422232223131222231242222223224221223223312225222123423323323414222 12: [8, 5, 4, 3, 3, 3, 4, 1, 4, 2, 2, 2]
Max batteries in bank 4444694453436342782665244777846939475677434444576566333635133442244444165541433427765655444454753345 12: [9, 9, 9, 7, 7, 7, 7, 7, 7, 7, 5, 5]
Max batteries in bank 2224424483456223814452233842667264452512273244422233332276353865643523343215233422372524243232523521 12: [8, 8, 8, 8, 7, 5, 5, 2, 3, 5, 2, 1]
Max batteries in bank 1237824656322266422332233224222363624233552313533622435213371633323533353353631332324343242643333633 12: [8, 7, 6, 6, 6, 4, 3, 3, 3, 6, 3, 3]
Max batteries in bank 1231211221222323222212232212222222222222221322232232222222232122212131232212222121222312222222212232 12: [3, 3, 3, 3, 3, 3, 3, 3, 3, 3, 3, 3]
Max batteries in bank 3223232211223732341332333522132512551611222232211334442322333523224312123317165232212223272232224122 12: [7, 7, 7, 2, 3, 2, 2, 2, 4, 1, 2, 2]
Max batteries in bank 2222222223112241342232212222222235622222122532222225222422232222252241322413229111222212212221222222 12: [9, 2, 2, 2, 2, 2, 2, 2, 2, 2, 2, 2]
Max batteries in bank 2422332523222722227145223652362626152222254242141512321511223533257152222722321217434822242223223232 12: [8, 4, 2, 2, 2, 3, 2, 2, 3, 2, 3, 2]
Max batteries in bank 5434344535342216453455553422511435545243253352331542332222529518348323354344447523455252253327424343 12: [9, 8, 8, 7, 5, 7, 4, 2, 4, 3, 4, 3]
Max batteries in bank 7352469452742223126134342343334224336235442634344428422443425426333843544453444223244422444354651513 12: [9, 8, 8, 5, 5, 5, 6, 5, 1, 5, 1, 3]
Max batteries in bank 1432344474232424532323342445839724873113364433535252243333343336148373423242153323213354228443341344 12: [9, 8, 8, 8, 4, 4, 3, 4, 1, 3, 4, 4]
Max batteries in bank 5415223341143133142522553345331224312311115524312553434123151355154321522452213441233251252445246789 12: [5, 5, 5, 5, 5, 5, 5, 5, 6, 7, 8, 9]
Max batteries in bank 7947595557484664238974656954344733365568666563778863215641447545559736732549337586374634544896346297 12: [9, 9, 9, 9, 9, 9, 9, 6, 6, 2, 9, 7]
Max batteries in bank 3313521345213333233222323312322223121233342223222232351121232331232121343222425231132323432353222332 12: [5, 5, 5, 5, 5, 3, 2, 2, 2, 3, 3, 2]
Max batteries in bank 5221223112221323121222226222222126213222222222222322222222351224222222222132423212214222231662222522 12: [6, 6, 5, 6, 6, 2, 2, 2, 2, 5, 2, 2]
Max batteries in bank 3685347663449334343544694926774751934769593327363542531343516483616764739768951356625233374693264843 12: [9, 9, 9, 9, 9, 9, 9, 9, 9, 8, 4, 3]
Max batteries in bank 5495273527547555222455233422555964573458591465559254322973547456495543478293423723258585364493445652 12: [9, 9, 9, 9, 9, 9, 9, 9, 5, 6, 5, 2]
Max batteries in bank 2246552216532634222224412261623355452435275322712243422222321242435285524346245223234412356222222424 12: [8, 6, 6, 2, 2, 2, 2, 2, 2, 4, 2, 4]
Max batteries in bank 3434452737333139322342333333535433773734333123236385334523433341344545533824337445336334433346227259 12: [9, 8, 8, 7, 6, 6, 2, 2, 7, 2, 5, 9]
Max batteries in bank 2126625567366647366226546343376272475243533462343577547163212662766625668737141326477386353826582622 12: [8, 8, 6, 8, 2, 6, 5, 8, 2, 6, 2, 2]
Max batteries in bank 3334144314213431143144443233314244243444444121123313134411432222111432144422311232112322424211356789 12: [4, 4, 4, 4, 4, 4, 4, 5, 6, 7, 8, 9]
Max batteries in bank 5124222223223242422523262351112225322372362224224322122222241232221222222223132231222142231273222213 12: [7, 6, 4, 4, 7, 3, 2, 2, 2, 2, 1, 3]
Max batteries in bank 4955745669535556665548572752574554536686455275333755347665545853723177525625429748546845574867359777 12: [9, 9, 9, 8, 8, 8, 7, 5, 9, 7, 7, 7]
Max batteries in bank 1354425433245815164742457722954243764446232225714722294227534419347629545742224242535679243633535325 12: [9, 9, 9, 9, 9, 6, 5, 3, 5, 3, 2, 5]
Max batteries in bank 3249925837323336773135677573656587863474853775343454598728683383636935568874487662556343385935836438 12: [9, 9, 9, 9, 9, 5, 8, 3, 6, 4, 3, 8]
Max batteries in bank 4433334223533414235234123435226313433132152394544231323133333263363521613333382343329353347433334352 12: [9, 9, 7, 4, 3, 3, 3, 3, 4, 3, 5, 2]
Max batteries in bank 2121322222122222221222222162223122222222111322222295224232322221222522225213222422322323222122222122 12: [9, 5, 5, 5, 4, 3, 3, 3, 2, 2, 2, 2]
Max batteries in bank 2532444134433412344442452234233322421233132221143133333447213442246322233324514323422244241343242323 12: [7, 6, 5, 4, 4, 4, 4, 4, 4, 4, 3, 3]
Max batteries in bank 1332333247132213224433332362332515425333633323333332743435534352235428245246224328312323335333325325 12: [8, 8, 5, 3, 3, 3, 3, 2, 5, 3, 2, 5]
Max batteries in bank 3323433431451361446345442434352322544314415433472336444436442254355444424443351263623522334446322424 12: [7, 6, 6, 6, 6, 6, 3, 2, 2, 4, 2, 4]
Max batteries in bank 3235242125423424222223122223122323134231212421232222252522124322222323412221224122234122224223232443 12: [5, 5, 5, 5, 4, 4, 4, 4, 4, 4, 4, 3]
Max batteries in bank 4222222422242121224223322224232423222312221242242412224224144121122232132132212222221223223211242211 12: [4, 4, 4, 4, 4, 4, 4, 4, 4, 4, 4, 4]
Max batteries in bank 9667559676865945685656555856576574889344955459959695568659898998679874657653558967857887855885685875 12: [9, 9, 9, 9, 9, 9, 9, 9, 9, 9, 9, 9]
Max batteries in bank 2232522625535276163432652446663255546152454263734332245344452254535455255645332455554585665652347642 12: [8, 6, 6, 6, 5, 2, 3, 4, 7, 6, 4, 2]
Max batteries in bank 3691424432344252982339232423433232852232451252433223224334423642322333215372313243222224433273132623 12: [9, 9, 9, 8, 7, 7, 3, 3, 2, 6, 2, 3]
Max batteries in bank 1211264137133621365373376434721663626276414713254212344646451711141324366741132176514351671667725789 12: [7, 7, 7, 7, 7, 7, 7, 7, 7, 7, 8, 9]
Max batteries in bank 4238352435453344364644467333433563553422633344323541347465433433245445563435224356453536333459463464 12: [8, 7, 7, 6, 6, 9, 4, 6, 3, 4, 6, 4]
Max batteries in bank 3333332272343121323212333322265833544225232335523232352312263221373333333325233322331323234243332341 12: [8, 7, 5, 4, 4, 3, 3, 3, 2, 3, 4, 1]
Max batteries in bank 4245422242334333223222335212332122432233212243234333233313212214313323233224333334213233335232212342 12: [5, 5, 5, 2, 3, 2, 2, 1, 2, 3, 4, 2]
Max batteries in bank 3583533221848265253422226873272522192932233625622562212443525221623434764821682624544222263872226444 12: [9, 9, 8, 8, 8, 7, 2, 2, 6, 4, 4, 4]
Max batteries in bank 4436728764735376733333367833562893341374269723293778542836662627931783323754325675623236253236817376 12: [9, 9, 9, 9, 8, 7, 8, 1, 7, 3, 7, 6]
Max batteries in bank 2414344244245443334353423424444444344434444234334324344443342215513444326432334243314112444444526423 12: [6, 4, 4, 4, 4, 4, 5, 2, 6, 4, 2, 3]
Max batteries in bank 4233311352329131234224523242323221565512453354225223252322242322152112434325423333524322332233235222 12: [9, 6, 5, 5, 5, 5, 5, 5, 5, 5, 5, 5]
Max batteries in bank 2532164227224553572324443844315135565451545255724252535551654423257355332346254322144652325122535371 12: [8, 7, 7, 6, 6, 5, 5, 5, 5, 3, 7, 1]
Max batteries in bank 3355561389336333561653712247712573443288844528736652262723526784373427226712282369245434857623845682 12: [9, 9, 8, 7, 6, 3, 8, 4, 5, 6, 8, 2]
Max batteries in bank 3737322222163266422223162323442624312524422222233322632322422222222227272432222124432325236224657242 12: [7, 7, 7, 7, 6, 4, 6, 5, 7, 2, 4, 2]
Max batteries in bank 5165455435455453241458445555388453557335554984225555255254555545459444454525459252354524534795523395 12: [9, 9, 9, 7, 9, 5, 5, 2, 3, 3, 9, 5]
Max batteries in bank 4522153322221332233922335582246314235452223534324323343928223223122433152312122132423226232154221273 12: [9, 9, 8, 6, 5, 4, 2, 2, 1, 2, 7, 3]
Max batteries in bank 1332222332333212133325223243212123341223332213123223321733323132313222222221112122135222223222522226 12: [7, 5, 3, 2, 2, 2, 5, 2, 2, 2, 2, 6]
Max batteries in bank 3724154661335853639652222523253463324361245122335365213141433326223217122322322328525152876431244286 12: [9, 8, 8, 7, 6, 4, 3, 4, 4, 2, 8, 6]
Max batteries in bank 5557231813565275555558458564753485855353554754446775455366355565665552485555258455568565553153853753 12: [8, 8, 8, 8, 8, 8, 8, 8, 8, 7, 5, 3]
Max batteries in bank 2343238733112232956425323743363427223133321322231322442413232126333515532232323355322234414184332312 12: [9, 7, 7, 6, 8, 4, 3, 3, 2, 3, 1, 2]
Max batteries in bank 1722545461555424552523334224166356244425225526332245535452354442512433843244424663345243532534528245 12: [8, 6, 6, 5, 5, 5, 5, 2, 8, 2, 4, 5]
Max batteries in bank 3452563333332533333333315451322323333233533132233331573623234122332331323323733335464232264335343346 12: [7, 7, 6, 6, 4, 5, 3, 4, 3, 3, 4, 6]
Max batteries in bank 3654434335253423464454333334321454434534344446363443454352524432441354573444454244355332442443434224 12: [7, 5, 5, 5, 4, 4, 4, 4, 4, 4, 2, 4]
Max batteries in bank 6456368336466758556365756764559593646564665346467465456455445684516536645545562666766655555773655535 12: [9, 9, 8, 7, 7, 7, 6, 5, 5, 5, 3, 5]
Max batteries in bank 2441263434432222222625224335242135241433242422324545247512551115221542265232222224334225232344243233 12: [7, 6, 5, 5, 4, 4, 2, 4, 3, 2, 3, 3]
Max batteries in bank 2354415334324223431534325523232232234224544423338334245332552232333756322535522335233335255334245244 12: [8, 7, 6, 5, 5, 5, 5, 5, 5, 5, 5, 4]
Max batteries in bank 3656447676687773455334475373892287865748944389514287778826924545596896362555922859295744487358589588 12: [9, 9, 9, 9, 9, 9, 9, 9, 9, 9, 8, 8]
Max batteries in bank 4223223423333474313423253363222623373414249433433343242223233222143344314214342333333232632384833422 12: [9, 6, 3, 3, 8, 4, 8, 3, 3, 4, 2, 2]
Max batteries in bank 3333343233323334331333362333333224331333243353323324333354337234331343553234335323333333333333232443 12: [7, 5, 5, 5, 3, 3, 3, 3, 3, 4, 4, 3]
Max batteries in bank 4241125324231232212222485234122213232432231222324112124312522552423223242232212241323212412232325252 12: [8, 5, 5, 5, 5, 4, 4, 4, 5, 2, 5, 2]
Max batteries in bank 2422222322232223423222122241412142244224417122242424443421342224211234424124122422323323222331483374 12: [7, 4, 4, 4, 4, 4, 4, 8, 3, 3, 7, 4]
Max batteries in bank 4234333333334423452233333333322334232222332363333335333323333353243433322223335232333333333323463332 12: [6, 5, 5, 5, 3, 3, 4, 6, 3, 3, 3, 2]
Max batteries in bank 3224222332524244222215232624124233362355348235226542632111522274427222511366424272275653262261522542 12: [8, 7, 7, 7, 7, 6, 6, 6, 5, 5, 4, 2]
Max batteries in bank 6222344452372565123555352525335343534255542526225562443235526455535666554445451552646455323455263224 12: [7, 6, 6, 6, 6, 6, 6, 6, 6, 6, 6, 4]
Max batteries in bank 3566135768261756336524563132444442442844443372334554823442482431146734472445426414444164444434462284 12: [8, 8, 8, 8, 7, 7, 6, 6, 6, 2, 8, 4]
Max batteries in bank 6273544363263556455426442634266324447556555664764656665583866464645654563535564656435335526736457452 12: [8, 8, 6, 7, 3, 6, 4, 5, 7, 4, 5, 2]
Max batteries in bank 2241522723635233224243422352455372373143423452324523151415354323222435235412124252334253241532236223 12: [7, 7, 7, 5, 5, 5, 5, 5, 6, 2, 2, 3]
Max batteries in bank 4422334354442342222543442455333444434144544431284434234263345343774144324562433133943545634341125323 12: [9, 6, 4, 3, 4, 1, 1, 2, 5, 3, 2, 3]
Max batteries in bank 4332232235322222213123322232233443321122333323213221132324221212322332243223321333122311224232233222 12: [5, 4, 4, 4, 4, 4, 3, 3, 3, 2, 2, 2]
Max batteries in bank 1326242349524429461442127461433727627425152326343562366515353362343424725714327432374263445643352343 12: [9, 9, 7, 7, 7, 7, 7, 7, 7, 7, 6, 6]
Max batteries in bank 1222212222319222312212222622124121412142257122221223212222226122222221221222322222222122262222132227 12: [9, 7, 6, 6, 2, 2, 2, 3, 2, 2, 2, 7]
Max batteries in bank 4234245976744642245223524244555276224464325472234624645636422436336373544443116325552544572362647645 12: [9, 7, 7, 7, 7, 7, 7, 6, 7, 6, 4, 5]
Max batteries in bank 2523411122223223223542425323223324222242351322224332212442542243433212122422442311323231512322242233 12: [5, 5, 5, 5, 5, 5, 3, 4, 2, 2, 3, 3]
Max batteries in bank 3166566676554545563569644445333665446558666466633233565663656445992446656656165356646163453546545667 12: [9, 9, 9, 6, 6, 6, 6, 6, 6, 6, 6, 7]
Max batteries in bank 8689464664844579384662579662255564357673536345666546645755459466354885353477669568665444295956736515 12: [9, 9, 9, 9, 9, 9, 9, 7, 6, 5, 1, 5]
Max batteries in bank 7539785857849884837353988848869717756844487883754535135354663896777677647665445844285584573579787363 12: [9, 9, 9, 9, 9, 9, 7, 8, 7, 3, 6, 3]
Max batteries in bank 4464257431365154543244324552235333343443466545324436354772454554674646552344225543545425425322544445 12: [7, 7, 7, 7, 6, 6, 5, 5, 5, 5, 5, 5]
Max batteries in bank 4781753735344366434357735325246435464583386538335362264444635636343252337434426345525434647534444733 12: [8, 8, 8, 8, 7, 7, 5, 4, 4, 7, 3, 3]
Max batteries in bank 2244622455224226523342254245117625662226564542333133417232454543321431325223624222232543223762237241 12: [7, 7, 6, 7, 6, 2, 2, 3, 7, 2, 4, 1]
Max batteries in bank 4223316225421512144252513221341523163243235242322312433432322313252545424622425123243535532424422214 12: [6, 6, 6, 5, 5, 5, 5, 4, 4, 4, 2, 4]
Max batteries in bank 6286263335534344533368253462322323435673433431163813565522531643177234656225265534256563324135332135 12: [8, 8, 8, 7, 7, 6, 6, 6, 6, 6, 5, 5]
Max batteries in bank 3413423343333345344223332435343242421333222334315235223322241134432224333434232323334144234322332415 12: [5, 5, 5, 5, 4, 4, 4, 4, 4, 4, 4, 5]
Max batteries in bank 3231323443325333433334332333233222343324223312334334343335332433343258335333333533333324233432323324 12: [8, 5, 5, 4, 4, 3, 3, 2, 3, 3, 2, 4]
Max batteries in bank 4232222442231221123222232222221132254114312334244241322232412223142213222122324222211242451222424423 12: [5, 5, 1, 2, 2, 2, 4, 2, 4, 4, 2, 3]
Max batteries in bank 7445444555357445234334235324424524344516231364354245547334444457366534757345454433544345255453585453 12: [7, 7, 7, 7, 7, 7, 5, 8, 5, 4, 5, 3]
Max batteries in bank 5342211343221423332342523322331328243422322233431322245124123424122433344125242331723432424444134222 12: [8, 7, 4, 4, 4, 4, 4, 4, 4, 2, 2, 2]
Max batteries in bank 2269125224122622367346642456643913624258715426767751334326644642521326341622756213212334345327362125 12: [9, 9, 8, 7, 7, 7, 7, 7, 7, 6, 2, 5]
Max batteries in bank 3122533539325621812333823542376436391645683352666455572324423747353286353333245424637238552469573213 12: [9, 9, 8, 8, 8, 9, 5, 7, 3, 2, 1, 3]
Max batteries in bank 3333323133336333343232433333333323233743342343133333212763233467423333333333234343334341324723373333 12: [7, 7, 7, 7, 2, 3, 3, 7, 3, 3, 3, 3]
Max batteries in bank 3382121222211222221441224221193188222223131253242522921225532222328242523251341222274262222142211243 12: [9, 9, 8, 7, 6, 4, 2, 2, 1, 2, 4, 3]
Max batteries in bank 3132132322234463434236445344243245642523142264256442622632433253333424463242564362362343345664434653 12: [6, 6, 6, 6, 6, 6, 6, 6, 6, 6, 6, 6]
Max batteries in bank 2462213422584194441225422933243263223514223243332333132722117212272525534324413424411442331222222533 12: [9, 9, 7, 7, 7, 5, 5, 5, 4, 5, 3, 3]
Max batteries in bank 2342122122121222322232222252322142232435253232223522224332227222433361632132322354242322272223426535 12: [7, 7, 2, 2, 2, 3, 4, 2, 6, 5, 3, 5]
Max batteries in bank 2223221312312222323232121233212122122222232236222122322422422242222221122122142221211423223322222112 12: [6, 4, 4, 4, 4, 4, 3, 3, 3, 2, 2, 2]
Max batteries in bank 2233512223822212432322422433122324272222223332312222121312223511122222222211131132222182223222222343 12: [8, 8, 3, 2, 2, 2, 2, 2, 2, 3, 4, 3]
Max batteries in bank 2233336283933336652335355983357249278727433343523332743812473471443433336223323252153328532328362952 12: [9, 9, 9, 8, 8, 8, 8, 6, 2, 9, 5, 2]
Max batteries in bank 1222112243123241222242822242223222121542233222412222342242124432312243222442222212432721223223428122 12: [8, 7, 3, 2, 2, 3, 4, 2, 8, 1, 2, 2]
Max batteries in bank 7442343345544344443532345433443633444424434234433544333374238254423242234641444243243434245633432234 12: [8, 6, 5, 6, 3, 3, 4, 3, 2, 2, 3, 4]
Max batteries in bank 2344423531415323365674416336433665352536544323265216115635434215452543525362572644564446435613414454 12: [7, 7, 6, 6, 6, 6, 4, 1, 4, 4, 5, 4]
Max batteries in bank 3433325442264133212641423426873374324266366623443747633354644343537742546433533434361331644232373245 12: [8, 7, 7, 7, 7, 7, 7, 7, 3, 2, 4, 5]
Max batteries in bank 2254244223533222222134542424764222122224225352234543633224422532474324232234242115363243422523342522 12: [7, 7, 6, 5, 2, 3, 3, 4, 2, 5, 2, 2]
Max batteries in bank 7416828637345128812345271376757255835481783716186273472242481671666526273244614764157167775281326229 12: [8, 8, 8, 8, 8, 8, 8, 8, 8, 8, 6, 9]
Max batteries in bank 3354342767259694535333657467696136333254238755374454643457722464133263263245736343156323392645235252 12: [9, 9, 9, 9, 6, 5, 2, 3, 5, 2, 5, 2]
Max batteries in bank 2642723233212334231142223422322236225353227272242232234634422431251242222223344424434773223313335152 12: [7, 7, 7, 7, 7, 3, 3, 3, 5, 1, 5, 2]
Max batteries in bank 4134551666245414412323214355453515546332543535212345233563611321456153622432323661446255536346344789 12: [6, 6, 6, 6, 6, 6, 6, 6, 6, 7, 8, 9]
Max batteries in bank 6222225432225224211211283554321446133541551252521514622525123345222332227314643222222531314727342222 12: [8, 7, 6, 7, 2, 7, 3, 4, 2, 2, 2, 2]
Max batteries in bank 2228323523722385226422122215142933721423895833477228153322384385264644834155241223426335286123341243 12: [9, 9, 8, 8, 8, 8, 8, 8, 6, 4, 4, 3]
Max batteries in bank 3422133231513233223133241232232223624341123232311222233112223332223214231222212212222233222132223322 12: [6, 4, 4, 4, 3, 3, 3, 3, 3, 3, 2, 2]
Max batteries in bank 3223215622213122211222122322222222224422212235212222231222222212213221211221212212213233213112221232 12: [6, 5, 3, 3, 3, 3, 3, 3, 2, 2, 3, 2]
Max batteries in bank 3224243242233532434322424444332453444244235334423423232434543244442342344344434544244212242524313324 12: [5, 5, 5, 5, 5, 5, 4, 3, 3, 3, 2, 4]
Max batteries in bank 2222122341322212222223223213312212813312522242222222322221335122224221422223123322333421222132422212 12: [8, 5, 5, 4, 4, 4, 4, 2, 2, 2, 1, 2]
Max batteries in bank 7367756444653576685622297767274774455555367782771388566565879281285686272758528442226456684774675224 12: [9, 9, 8, 8, 8, 8, 8, 8, 7, 7, 7, 5]
Max batteries in bank 4523313423434331232222332323333332233434443341341364333312342334313333322333323338342331332324334746 12: [8, 4, 3, 3, 3, 4, 3, 3, 4, 7, 4, 6]
Max batteries in bank 3554349243312335222634334333535331612445436321852254235135223232534563145333625551653332233558232333 12: [9, 8, 6, 6, 6, 8, 2, 3, 2, 3, 3, 3]
Max batteries in bank 5443562757664375145583357346556145435548265564455355755457426647844555666365484557355236465593454664 12: [8, 8, 8, 8, 9, 3, 4, 5, 4, 6, 6, 4]
Max batteries in bank 1542231222222332222612212222212212242222222232223222212121222923221212227332232322212235213222222232 12: [9, 7, 5, 3, 2, 2, 2, 2, 2, 2, 3, 2]
Max batteries in bank 3921463432434353253436547534244535363423223632566373333623354313214336432664122333345354385353344116 12: [9, 8, 5, 3, 5, 3, 3, 4, 4, 1, 1, 6]
Max batteries in bank 4423347247473626465182435422322828235553313123584561363224322317354238346432531241327222238324343426 12: [8, 8, 8, 8, 8, 8, 4, 4, 3, 4, 2, 6]
Max batteries in bank 5332242431232412223422312326222252221153323442323326223232425134442222344722421242121221612342222342 12: [7, 6, 2, 3, 4, 2, 2, 2, 2, 3, 4, 2]
Max batteries in bank 3553143446543343374433358293446645542476147382494745533634333454245844444833345455433543927354459733 12: [9, 9, 9, 7, 5, 4, 4, 5, 9, 7, 3, 3]
Max batteries in bank 7446677431564345156165326478334467656665667638634659522953556636337226265546526842137726966668686886 12: [9, 9, 9, 6, 6, 8, 6, 8, 6, 8, 8, 6]
Max batteries in bank 5354532557536443799635474854765647777555648751766232338344583646963276518567333266434448768344673335 12: [9, 9, 9, 8, 8, 8, 6, 7, 3, 3, 3, 5]
Max batteries in bank 8875576976428467897439359854855678576592675983997869996766458536766698779484389656968578698855669899 12: [9, 9, 9, 9, 9, 9, 9, 9, 9, 9, 9, 9]
Max batteries in bank 2912222122232324222226221143122332121232412222213212232152223234122724222213463121614422224242225122 12: [9, 7, 6, 6, 4, 4, 4, 4, 5, 1, 2, 2]
Max batteries in bank 4471333233454324354344414343347344336343414234434723334382347324133345333421644313447143644244644432 12: [8, 7, 7, 6, 4, 4, 6, 4, 4, 4, 3, 2]
Max batteries in bank 3412422431212252523234424122432342211435224222422122222144512212242233223225122111342222242224323322 12: [5, 5, 5, 5, 5, 4, 4, 4, 3, 3, 3, 2]
Max batteries in bank 3123422422222252222182322213232122222332442222222221221124232122282223221222222442322321212222212232 12: [8, 8, 4, 4, 3, 3, 2, 2, 2, 2, 3, 2]
Max batteries in bank 5422326643542245242122222272632321542246221222226512322242121231425211342522222522452441532323546321 12: [7, 6, 6, 6, 5, 5, 5, 5, 6, 3, 2, 1]
Max batteries in bank 1212363528222221232223212233222122472252213252521232252252321322225112112322232221322132322134322121 12: [8, 7, 5, 5, 5, 5, 5, 5, 4, 3, 2, 2]
Max batteries in bank 5822123451221521232214126622552122242542123312224332327123243835255262543121533272241223434422422323 12: [8, 8, 7, 4, 4, 4, 4, 4, 2, 3, 2, 3]
Max batteries in bank 3232334333674533549432674137262333537735635235252322317436533632523372236423733323632236875963255437 12: [9, 8, 7, 9, 6, 3, 2, 5, 5, 4, 3, 7]
Max batteries in bank 6273332634772216436653553827352935462474334636639539125742664396451862379335616486554426223332348727 12: [9, 9, 9, 9, 9, 8, 6, 6, 8, 7, 2, 7]
Max batteries in bank 2212222221222222222222112211222424221122122224232122122244131223231132222222222222222222222122221222 12: [4, 4, 4, 4, 4, 3, 3, 3, 3, 2, 2, 2]
Max batteries in bank 2224212221323121443113221122522313322222221331631222422123222422224384221232223241124221323212126225 12: [8, 4, 4, 4, 3, 3, 2, 2, 6, 2, 2, 5]
Max batteries in bank 3294385374644624373853643362443494344343364577434653152744239464433486851332349324534393836233474642 12: [9, 9, 9, 9, 9, 8, 6, 7, 4, 6, 4, 2]
Max batteries in bank 3273235323312533322423353131333323241323271223323232333322213433112333322224233231122333423253522324 12: [7, 7, 4, 4, 5, 3, 5, 2, 2, 3, 2, 4]
Max batteries in bank 1244423333322233223235235323234233334363333333233474453352225333423322234232332233323233333333233323 12: [7, 5, 5, 5, 4, 4, 3, 3, 3, 3, 3, 3]
Max batteries in bank 4674556453665334326164532656563634435424443534343455344832623434633443634435415465344543435443442353 12: [8, 6, 6, 6, 6, 5, 5, 5, 4, 4, 5, 3]
Max batteries in bank 3441224265212321235534442343443454441232123223413322542214334353343366543413424453234244223442334242 12: [6, 6, 6, 5, 5, 4, 4, 4, 4, 4, 4, 4]
Max batteries in bank 1321222123222132222221225211222242221222212322222222222331223321525242223232322221222122312212333242 12: [5, 5, 5, 4, 3, 3, 3, 3, 3, 3, 4, 2]
Max batteries in bank 3212222422222222211222222322132222222222312222421122212421322352221213221123122211321223723212233232 12: [7, 2, 3, 2, 1, 2, 2, 3, 3, 2, 3, 2]
Max batteries in bank 2222231221512223222221122222221322222222224212122222222222222122222122232122122222222112234228222212 12: [5, 4, 4, 2, 2, 8, 2, 2, 2, 2, 1, 2]
Max batteries in bank 5745127246656354258454752676611822326658657444666273665255336326476424623442564676773562325567776761 12: [8, 8, 8, 7, 7, 7, 7, 7, 7, 7, 7, 7]
Max batteries in bank 2234345254543472364236535652232322243431542451326722423432353244325426322324362232239224754123321353 12: [9, 7, 5, 4, 2, 3, 3, 2, 1, 3, 5, 3]
Max batteries in bank 5311474353345337334323253357343334153332313242123235333533247333223223444223272363533336621352323364 12: [7, 7, 7, 7, 7, 6, 6, 6, 5, 3, 6, 4]
Max batteries in bank 2113321622353266323322337212258272559612637563223212222122323524122223231223433433223251542744472224 12: [9, 7, 6, 7, 4, 4, 4, 7, 2, 2, 2, 4]
Max batteries in bank 2222414441224345244433322212544342444333132413533622441534143243232433242625254243433385231332255231 12: [8, 5, 3, 3, 3, 2, 2, 5, 5, 2, 3, 1]
Result step 2: 168627047606506
